#
# There is insufficient memory for the Java Runtime Environment to continue.
# Native memory allocation (malloc) failed to allocate 1048576 bytes for AllocateHeap
# Possible reasons:
#   The system is out of physical RAM or swap space
#   In 32 bit mode, the process size limit was hit
# Possible solutions:
#   Reduce memory load on the system
#   Increase physical memory or swap space
#   Check if swap backing store is full
#   Use 64 bit Java on a 64 bit OS
#   Decrease Java heap size (-Xmx/-Xms)
#   Decrease number of Java threads
#   Decrease Java thread stack sizes (-Xss)
#   Set larger code cache with -XX:ReservedCodeCacheSize=
# This output file may be truncated or incomplete.
#
#  Out of Memory Error (memory/allocation.inline.hpp:61), pid=10716, tid=0x0000000000003984
#
# JRE version:  (8.0_191-b12) (build )
# Java VM: Java HotSpot(TM) 64-Bit Server VM (25.191-b12 mixed mode windows-amd64 compressed oops)
# Failed to write core dump. Minidumps are not enabled by default on client versions of Windows
#

---------------  T H R E A D  ---------------

Current thread (0x0000000002952800):  JavaThread "Unknown thread" [_thread_in_vm, id=14724, stack(0x0000000002850000,0x0000000002950000)]

Stack: [0x0000000002850000,0x0000000002950000]
[error occurred during error reporting (printing stack bounds), id 0xc0000005]

Native frames: (J=compiled Java code, j=interpreted, Vv=VM code, C=native code)


---------------  P R O C E S S  ---------------

Java Threads: ( => current thread )

Other Threads:

=>0x0000000002952800 (exited) JavaThread "Unknown thread" [_thread_in_vm, id=14724, stack(0x0000000002850000,0x0000000002950000)]

VM state:not at safepoint (normal execution)

VM Mutex/Monitor currently owned by a thread: None

Heap:
 PSYoungGen      total 38400K, used 665K [0x00000000d5f80000, 0x00000000d8a00000, 0x0000000100000000)
  eden space 33280K, 2% used [0x00000000d5f80000,0x00000000d6026670,0x00000000d8000000)
  from space 5120K, 0% used [0x00000000d8500000,0x00000000d8500000,0x00000000d8a00000)
  to   space 5120K, 0% used [0x00000000d8000000,0x00000000d8000000,0x00000000d8500000)
 ParOldGen       total 87552K, used 0K [0x0000000081e00000, 0x0000000087380000, 0x00000000d5f80000)
  object space 87552K, 0% used [0x0000000081e00000,0x0000000081e00000,0x0000000087380000)
 Metaspace       used 775K, capacity 4480K, committed 4480K, reserved 1056768K
  class space    used 76K, capacity 384K, committed 384K, reserved 1048576K

Card table byte_map: [0x0000000011e10000,0x0000000012210000] byte_map_base: 0x0000000011a01000

Marking Bits: (ParMarkBitMap*) 0x00000000631a3e30
 Begin Bits: [0x0000000012cc0000, 0x0000000014c48000)
 End Bits:   [0x0000000014c48000, 0x0000000016bd0000)

Polling page: 0x0000000000e10000

CodeCache: size=245760Kb used=328Kb max_used=328Kb free=245431Kb
 bounds [0x0000000002a50000, 0x0000000002cc0000, 0x0000000011a50000]
 total_blobs=58 nmethods=0 adapters=38
 compilation: enabled

Compilation events (0 events):
No events

GC Heap History (0 events):
No events

Deoptimization events (0 events):
No events

Classes redefined (0 events):
No events

Internal exceptions (0 events):
No events

Events (10 events):
Event: 0.036 loading class java/lang/Short
Event: 0.036 loading class java/lang/Short done
Event: 0.036 loading class java/lang/Integer
Event: 0.036 loading class java/lang/Integer done
Event: 0.036 loading class java/lang/Long
Event: 0.036 loading class java/lang/Long done
Event: 0.037 loading class java/lang/NullPointerException
Event: 0.037 loading class java/lang/NullPointerException done
Event: 0.037 loading class java/lang/ArithmeticException
Event: 0.037 loading class java/lang/ArithmeticException done


Dynamic libraries:
0x00007ff6406a0000 - 0x00007ff6406d7000 	C:\Program Files\Java\jdk1.8.0_191\bin\javaw.exe
0x00007ffed9c00000 - 0x00007ffed9df0000 	C:\WINDOWS\SYSTEM32\ntdll.dll
0x00007ffe7e4c0000 - 0x00007ffe7e4d4000 	C:\Program Files\AVAST Software\Avast\aswhook.dll
0x00007ffed9120000 - 0x00007ffed91d2000 	C:\WINDOWS\System32\KERNEL32.DLL
0x00007ffed7a00000 - 0x00007ffed7ca3000 	C:\WINDOWS\System32\KERNELBASE.dll
0x00007ffed8510000 - 0x00007ffed85b3000 	C:\WINDOWS\System32\ADVAPI32.dll
0x00007ffed8d10000 - 0x00007ffed8dae000 	C:\WINDOWS\System32\msvcrt.dll
0x00007ffed7cb0000 - 0x00007ffed7d47000 	C:\WINDOWS\System32\sechost.dll
0x00007ffed8f20000 - 0x00007ffed9040000 	C:\WINDOWS\System32\RPCRT4.dll
0x00007ffed99c0000 - 0x00007ffed9b54000 	C:\WINDOWS\System32\USER32.dll
0x00007ffed7830000 - 0x00007ffed7851000 	C:\WINDOWS\System32\win32u.dll
0x00007ffed90f0000 - 0x00007ffed9116000 	C:\WINDOWS\System32\GDI32.dll
0x00007ffed6b90000 - 0x00007ffed6d24000 	C:\WINDOWS\System32\gdi32full.dll
0x00007ffed7860000 - 0x00007ffed78fe000 	C:\WINDOWS\System32\msvcp_win.dll
0x00007ffed7900000 - 0x00007ffed79fa000 	C:\WINDOWS\System32\ucrtbase.dll
0x00007ffec7160000 - 0x00007ffec73e5000 	C:\WINDOWS\WinSxS\amd64_microsoft.windows.common-controls_6595b64144ccf1df_6.0.18362.535_none_e6c3b34713100821\COMCTL32.dll
0x00007ffed8630000 - 0x00007ffed8966000 	C:\WINDOWS\System32\combase.dll
0x00007ffed6de0000 - 0x00007ffed6e60000 	C:\WINDOWS\System32\bcryptPrimitives.dll
0x00007ffed7eb0000 - 0x00007ffed7ede000 	C:\WINDOWS\System32\IMM32.DLL
0x00000000635e0000 - 0x00000000636b2000 	C:\Program Files\Java\jdk1.8.0_191\jre\bin\msvcr100.dll
0x0000000062980000 - 0x0000000063224000 	C:\Program Files\Java\jdk1.8.0_191\jre\bin\server\jvm.dll
0x00007ffed8f10000 - 0x00007ffed8f18000 	C:\WINDOWS\System32\PSAPI.DLL
0x00007ffec5470000 - 0x00007ffec5479000 	C:\WINDOWS\SYSTEM32\WSOCK32.dll
0x00007ffed85c0000 - 0x00007ffed862f000 	C:\WINDOWS\System32\WS2_32.dll
0x00007ffed3140000 - 0x00007ffed3164000 	C:\WINDOWS\SYSTEM32\WINMM.dll
0x00007ffeceb30000 - 0x00007ffeceb3a000 	C:\WINDOWS\SYSTEM32\VERSION.dll
0x00007ffed3110000 - 0x00007ffed313d000 	C:\WINDOWS\SYSTEM32\WINMMBASE.dll
0x00007ffed6d90000 - 0x00007ffed6dda000 	C:\WINDOWS\System32\cfgmgr32.dll
0x0000000064ef0000 - 0x0000000064eff000 	C:\Program Files\Java\jdk1.8.0_191\jre\bin\verify.dll
0x00000000635b0000 - 0x00000000635d9000 	C:\Program Files\Java\jdk1.8.0_191\jre\bin\java.dll
0x0000000063590000 - 0x00000000635a6000 	C:\Program Files\Java\jdk1.8.0_191\jre\bin\zip.dll

VM Arguments:
jvm_args: -Dfile.encoding=Cp1252 
java_command: view.main
java_class_path (initial): C:\Users\Miriam\eclipse-workspace\lab4withGUI\bin;C:\Users\Miriam\eclipse-java-2019-09-R-win32-x86_64\eclipse\plugins\org.eclipse.fx.ide.css.jfx8_3.5.0.201907240300.jar
Launcher Type: SUN_STANDARD

Environment Variables:
PATH=C:\ProgramData\watcom-1.3\binnt;C:\ProgramData\watcom-1.3\binw;D:\fold\binnt;D:\fold\binw;C:\Program Files (x86)\Common Files\Oracle\Java\javapath;C:\Windows\system32;C:\Windows;C:\Windows\System32\Wbem;C:\Windows\System32\WindowsPowerShell\v1.0\;C:\Program Files (x86)\NVIDIA Corporation\PhysX\Common;C:\Program Files\Intel\WiFi\bin\;C:\Program Files\Common Files\Intel\WirelessCommon\;C:\WINDOWS\system32;C:\WINDOWS;C:\WINDOWS\System32\Wbem;C:\WINDOWS\System32\WindowsPowerShell\v1.0\;C:\WINDOWS\System32\OpenSSH\;C:\Program Files\Microsoft SQL Server\Client SDK\ODBC\130\Tools\Binn\;C:\Program Files (x86)\Microsoft SQL Server\140\Tools\Binn\;C:\Program Files\Microsoft SQL Server\140\Tools\Binn\;C:\Program Files\Microsoft SQL Server\140\DTS\Binn\;C:\Program Files (x86)\Microsoft SQL Server\150\DTS\Binn\;"C:\Users\Miriam\Downloads\cygwin\cygwin\http%3a%2f%2fftp.heanet.ie%2fpub%2fcygwin%2f\x86_64\release\vim\vim-minimal;";C:\Program Files (x86)\JoeEditor\;C:\Users\Miriam\AppData\Local\Programs\Python\Python37-32;C:\MinGW\bin;C:\Program Files\Microsoft VS Code\bin;C:\Program Files\MATLAB\R2017a\runtime\win64;C:\Program Files\MATLAB\R2017a\bin;C:\Users\Miriam\AppData\Local\Microsoft\WindowsApps;C:\Users\Miriam\AppData\Local\Microsoft\WindowsApps;;C:\Program Files (x86)\clisp-2.49
USERNAME=Miriam
OS=Windows_NT
PROCESSOR_IDENTIFIER=Intel64 Family 6 Model 142 Stepping 10, GenuineIntel



---------------  S Y S T E M  ---------------

OS: Windows 10.0 , 64 bit Build 18362 (10.0.18362.329)

CPU:total 8 (initial active 8) (4 cores per cpu, 2 threads per core) family 6 model 142 stepping 10, cmov, cx8, fxsr, mmx, sse, sse2, sse3, ssse3, sse4.1, sse4.2, popcnt, avx, avx2, aes, clmul, erms, 3dnowpref, lzcnt, ht, tsc, tscinvbit, bmi1, bmi2, adx

Memory: 4k page, physical 8264700k(989252k free), swap 29152096k(6116k free)

vm_info: Java HotSpot(TM) 64-Bit Server VM (25.191-b12) for windows-amd64 JRE (1.8.0_191-b12), built on Oct  6 2018 09:29:03 by "java_re" with MS VC++ 10.0 (VS2010)

time: Tue Dec 31 15:46:11 2019
elapsed time: 0 seconds (0d 0h 0m 0s)

